<?xml version="1.0" encoding="UTF-8"?>
<!-- Generated by org.testng.reporters.JUnitXMLReporter -->
<testsuite ignored="0" hostname="LTIN592797" failures="0" tests="3" name="Default test" time="53.704" errors="0" timestamp="2025-04-03T09:06:37 IST">
  <testcase classname="Snapdeal.Main" name="testAutomationFlow1" time="20.71"/>
  <testcase classname="Snapdeal.Main" name="testAutomationFlow2" time="4.57"/>
  <testcase classname="Snapdeal.Main" name="testAutomationFlow3" time="26.853"/>
</testsuite> <!-- Default test -->
