<?xml version="1.0" encoding="UTF-8"?>
<!-- Generated by org.testng.reporters.JUnitXMLReporter -->
<testsuite ignored="0" hostname="LTIN592797" failures="0" tests="3" name="Snapdeal Test" time="46.18" errors="0" timestamp="2025-04-16T21:56:20 IST">
  <testcase classname="Snapdeal.Main" name="testAutomationFlow1" time="15.513"/>
  <testcase classname="Snapdeal.Main" name="testAutomationFlow2" time="3.161"/>
  <testcase classname="Snapdeal.Main" name="testAutomationFlow3" time="26.444"/>
</testsuite> <!-- Snapdeal Test -->
