<?xml version="1.0" encoding="UTF-8"?>
<!-- Generated by org.testng.reporters.JUnitXMLReporter -->
<testsuite ignored="0" hostname="LTIN514090" failures="0" tests="5" name="chrometest" time="80.895" errors="0" timestamp="2025-04-10T14:35:06 IST">
  <testcase classname="EMICalculator.Main" name="calculateEMI" time="3.035"/>
  <testcase classname="EMICalculator.Main" name="HomeCalculator" time="38.769"/>
  <testcase classname="EMICalculator.Main" name="LoanEMICalc" time="8.276"/>
  <testcase classname="EMICalculator.Main" name="LoanAmountCalc" time="5.187"/>
  <testcase classname="EMICalculator.Main" name="LoanTentureCalc" time="5.924"/>
</testsuite> <!-- chrometest -->
