<?xml version="1.0" encoding="UTF-8"?>
<!-- Generated by org.testng.reporters.JUnitXMLReporter -->
<testsuite ignored="0" hostname="LTIN514090" failures="0" tests="5" name="edgetest" time="77.644" errors="0" timestamp="2025-04-10T14:36:23 IST">
  <testcase classname="EMICalculator.Main" name="calculateEMI" time="3.323"/>
  <testcase classname="EMICalculator.Main" name="HomeCalculator" time="34.931"/>
  <testcase classname="EMICalculator.Main" name="LoanEMICalc" time="7.364"/>
  <testcase classname="EMICalculator.Main" name="LoanAmountCalc" time="5.543"/>
  <testcase classname="EMICalculator.Main" name="LoanTentureCalc" time="5.306"/>
</testsuite> <!-- edgetest -->
