<?xml version="1.0" encoding="UTF-8"?>
<!-- Generated by org.testng.reporters.JUnitXMLReporter -->
<testsuite ignored="0" hostname="LTIN514090" failures="0" tests="6" name="Test" time="43.883" errors="0" timestamp="2025-04-09T10:08:44 IST">
  <testcase classname="EMICalculator.Main" name="calculateEMI" time="0.804"/>
  <testcase classname="EMICalculator.Main" name="ScrollElement" time="0.03"/>
  <testcase classname="EMICalculator.Main" name="HomeCalculator" time="17.656"/>
  <testcase classname="EMICalculator.Main" name="LoanEMICalc" time="4.899"/>
  <testcase classname="EMICalculator.Main" name="LoanAmountCalc" time="3.02"/>
  <testcase classname="EMICalculator.Main" name="LoanTentureCalc" time="2.949"/>
</testsuite> <!-- Test -->
